1364
1363
1362
1361
1360
1359
1358
1357
1356
1355
1354
1353
1354
1353
1352
1351
1350
1349
1348
1347
1346
1345
1344
1343
1342
1341
1342
1341
1340
1339
1338
1339
1338
1337
1336
1335
1336
1335
1334
1335
1334
1333
1334
1333
1332
1331
1330
1329
1328
1327
1326
1325
1326
1327
1326
1325
1324
1325
1326
1325
1324
1325
1324
1323
1322
1323
1322
1321
1320
1319
1320
1319
1320
1319
1318
1317
1316
1315
1314
1315
1314
1313
1312
1311
1310
1311
1310
1309
1308
1307
1308
1307
1308
1307
1306
1305
1304
1305
1304
1303
1302
1303
1304
1305
1306
1305
1304
1303
1302
1303
1302
1301
1300
1301
1300
1299
1298
1297
1296
1295
1294
1293
1292
1293
1292
1291
1290
1289
1288
1287
1286
1285
1284
1283
1282
1281
1280
1279
1278
1277
1276
1275
1274
1273
1272
1273
1272
1273
1274
1275
1274
1273
1272
1271
1270
1269
1270
1269
1268
1267
1266
1265
1264
1263
1262
1263
1262
1261
1260
1259
1258
1259
1258
1257
1256
1255
1254
1253
1252
1251
1250
1249
1248
1247
1248
1247
1246
1245
1246
1245
1244
1243
1242
1241
1242
1241
1240
1239
1238
1237
1238
1237
1236
1237
1238
1237
1236
1235
1234
1235
1234
1233
1232
1231
1230
1229
1230
1229
1228
1229
1230
1229
1228
1227
1226
1225
1224
1223
1224
1223
1222
1221
1220
1219
1218
1217
1216
1215
1214
1213
1212
1213
1212
1211
1212
1211
1212
1211
1210
1209
1208
1207
1206
1207
1206
1205
1204
1203
1202
1201
1200
1199
1198
1197
1198
1197
1198
1199
1198
1197
1198
1199
1198
1197
1198
1197
1196
1195
1196
1195
1194
1195
1194
1193
1192
1191
1192
1191
1192
1191
1190
1189
1188
1189
1188
1187
1186
1187
1188
1187
1188
1189
1188
1189
1188
1187
1186
1185
1184
1185
1184
1183
1182
1181
1180
1179
1178
1177
1176
1177
1176
1177
1176
1175
1174
1173
1172
1171
1170
1169
1170
1169
1168
1169
1168
1167
1166
1165
1164
1165
1164
1165
1166
1165
1164
1163
1164
1163
1162
1163
1162
1161
1162
1163
1162
1161
1160
1159
1158
1159
1158
1159
1158
1159
1158
1157
1156
1155
1154
1153
1152
1151
1152
1151
1150
1149
1150
1151
1150
1149
1150
1149
1148
1147
1148
1147
1146
1147
1146
1147
1146
1145
1144
1143
1142
1141
1140
1139
1138
1137
1136
1135
1134
1133
1132
1131
1130
1129
1128
1127
1126
1125
1126
1125
1124
1123
1124
1123
1122
1123
1124
1123
1124
1125
1126
1125
1124
1125
1124
1125
1124
1123
1122
1121
1120
1119
1118
1117
1116
1115
1114
1113
1114
1113
1112
1111
1112
1111
1110
1109
1108
1107
1106
1105
1106
1105
1104
1103
1104
1103
1104
1103
1104
1103
1102
1103
1102
1101
1100
1099
1100
1099
1098
1097
1098
1099
1098
1097
1096
1097
1096
1095
1096
1095
1094
1093
1092
1091
1090
1089
1088
1087
1088
1087
1088
1089
1088
1087
1086
1085
1084
1083
1084
1083
1084
1083
1082
1081
1080
1079
1078
1079
1078
1079
1078
1079
1078
1077
1078
1077
1076
1075
1074
1073
1072
1071
1070
1069
1068
1069
1070
1069
1068
1067
1066
1065
1064
1065
1064
1063
1062
1061
1060
1061
1060
1061
1062
1063
1062
1061
1062
1061
1062
1063
1062
1061
1062
1063
1064
1063
1062
1063
1064
1063
1062
1063
1062
1063
1064
1065
1064
1063
1064
1063
1062
1063
1064
1065
1064
1065
1064
1063
1062
1061
1060
1059
1058
1057
1056
1055
1054
1053
1052
1051
1050
1049
1048
1047
1048
1047
1048
1049
1050
1049
1048
1047
1048
1047
1046
1047
1048
1049
1048
1049
1050
1051
1050
1051
1050
1051
1050
1049
1050
1049
1048
1047
1048
1047
1048
1047
1046
1047
1048
1047
1048
1047
1046
1045
1044
1043
1042
1041
1040
1039
1040
1039
1038
1037
1036
1035
1034
1035
1034
1035
1034
1033
1032
1031
1030
1031
1032
1031
1030
1029
1028
1029
1028
1027
1026
1027
1026
1027
1028
1027
1026
1027
1026
1027
1028
1028
1027
1028
1027
1026
1025
1024
1023
1024
1023
1022
1021
1022
1021
1020
1021
1020
1019
1020
1019
1018
1019
1018
1017
1016
1015
1014
1013
1014
1013
1012
1011
1012
1011
1012
1011
1012
1011
1010
1011
1012
1013
1012
1011
1012
1013
1012
1011
1010
1009
1008
1007
1006
1007
1006
1005
1004
1005
1006
1005
1004
1005
1004
1003
1004
1003
1002
1001
1000
1001
1000
999
1000
999
1000
999
1000
999
998
997
996
995
996
997
996
997
996
995
994
993
992
991
992
993
994
995
996
995
994
993
992
991
990
989
988
987
988
987
986
985
984
983
982
981
980
979
980
981
980
981
980
979
978
979
978
977
978
977
976
977
978
979
978
977
978
977
976
977
976
977
976
975
976
975
974
973
972
971
972
973
972
973
972
971
970
969
970
971
972
973
972
971
970
969
968
969
968
969
968
969
968
969
970
969
970
971
972
971
970
971
970
969
968
967
968
967
966
967
966
967
966
965
966
965
964
963
962
961
962
963
964
963
962
963
962
961
962
