C score: 100% DDDDDDDDDDDPDLDP
C score: 100% DDDDDDDDDDDLDPDL
C score: 100% DDDDDDDDDDPDLDPD
C score: 100% DDDDDDDDDDLDPDLD
C score: 100% DDDDDDDDDPDLDPDD
C score: 100% DDDDDDDDDLDPDLDD
C score: 100% DDDDDDDDPDLDPDDD
C score: 100% DDDDDDDDLDPDLDDD
C score: 100% DDDDDDDPDLDPDDDD
C score: 100% DDDDDDDLDPDLDDDD
C score: 100% DDDDDDPDLDPDDDDD
C score: 100% DDDDDDLDPDLDDDDD
C score: 100% DDDDDPDLDPDDDDDD
C score: 100% DDDDDPPGLGPPPGGP
C score: 100% DDDDDPGGPPPGLGPP
C score: 100% DDDDDLDPDLDDDDDD
C score: 100% DDDDDLGGLLLGPGLL
C score: 100% DDDDDLLGPGLLLGGL
C score: 100% DDDDPDLDPDDDDDDD
C score: 100% DDDDPPGLGPPDPGGP
C score: 100% DDDDPPGLGPPPGGPD
C score: 100% DDDDPGGPDPPGLGPP
C score: 100% DDDDPGGPPPGLGPPD
